TN:
SF:src\app.module.ts
FNF:0
FNH:0
DA:1,0
DA:2,0
DA:3,0
DA:4,0
DA:5,0
DA:6,0
DA:7,0
DA:8,0
DA:9,0
DA:10,0
DA:37,0
LF:11
LH:0
BRDA:23,0,0,0
BRDA:23,0,1,0
BRDA:24,1,0,0
BRDA:24,1,1,0
BRDA:25,2,0,0
BRDA:25,2,1,0
BRDA:26,3,0,0
BRDA:26,3,1,0
BRDA:27,4,0,0
BRDA:27,4,1,0
BRF:10
BRH:0
end_of_record
TN:
SF:src\main.ts
FN:5,bootstrap
FNF:1
FNH:0
FNDA:0,bootstrap
DA:1,0
DA:2,0
DA:3,0
DA:6,0
DA:8,0
DA:13,0
DA:20,0
DA:21,0
DA:22,0
DA:25,0
LF:10
LH:0
BRDA:9,0,0,0
BRDA:9,0,1,0
BRDA:20,1,0,0
BRDA:20,1,1,0
BRF:4
BRH:0
end_of_record
TN:
SF:src\auth\auth.controller.ts
FN:12,(anonymous_4)
FN:16,(anonymous_5)
FN:22,(anonymous_6)
FN:27,(anonymous_7)
FN:33,(anonymous_8)
FN:39,(anonymous_9)
FN:45,(anonymous_10)
FNF:7
FNH:0
FNDA:0,(anonymous_4)
FNDA:0,(anonymous_5)
FNDA:0,(anonymous_6)
FNDA:0,(anonymous_7)
FNDA:0,(anonymous_8)
FNDA:0,(anonymous_9)
FNDA:0,(anonymous_10)
DA:1,0
DA:2,0
DA:3,0
DA:4,0
DA:5,0
DA:6,0
DA:7,0
DA:8,0
DA:11,0
DA:12,0
DA:16,0
DA:17,0
DA:22,0
DA:23,0
DA:27,0
DA:28,0
DA:33,0
DA:34,0
DA:39,0
DA:40,0
DA:45,0
DA:46,0
LF:22
LH:0
BRF:0
BRH:0
end_of_record
TN:
SF:src\auth\auth.module.ts
FN:20,(anonymous_1)
FNF:1
FNH:0
FNDA:0,(anonymous_1)
DA:1,0
DA:2,0
DA:3,0
DA:4,0
DA:5,0
DA:6,0
DA:7,0
DA:8,0
DA:9,0
DA:10,0
DA:20,0
DA:31,0
LF:12
LH:0
BRF:0
BRH:0
end_of_record
TN:
SF:src\auth\auth.service.ts
FN:18,hashToken
FN:24,(anonymous_3)
FN:30,(anonymous_4)
FN:48,(anonymous_5)
FN:71,(anonymous_6)
FN:80,(anonymous_7)
FN:90,(anonymous_8)
FN:104,(anonymous_9)
FNF:8
FNH:8
FNDA:14,hashToken
FNDA:25,(anonymous_3)
FNDA:4,(anonymous_4)
FNDA:8,(anonymous_5)
FNDA:3,(anonymous_6)
FNDA:3,(anonymous_7)
FNDA:4,(anonymous_8)
FNDA:5,(anonymous_9)
DA:1,1
DA:8,1
DA:9,1
DA:10,1
DA:11,1
DA:12,1
DA:19,14
DA:23,1
DA:25,25
DA:26,25
DA:27,25
DA:31,4
DA:32,4
DA:33,1
DA:36,3
DA:37,3
DA:38,3
DA:43,3
DA:45,3
DA:49,8
DA:50,8
DA:51,2
DA:54,6
DA:55,6
DA:56,2
DA:59,4
DA:60,1
DA:63,3
DA:65,3
DA:72,3
DA:73,3
DA:74,1
DA:76,2
DA:77,2
DA:81,3
DA:82,3
DA:83,1
DA:84,1
DA:85,1
DA:87,3
DA:91,4
DA:94,4
DA:95,2
DA:96,2
DA:97,2
DA:98,2
DA:101,4
DA:105,5
DA:107,5
DA:108,3
DA:111,2
DA:112,2
DA:114,2
LF:53
LH:53
BRDA:32,0,0,1
BRDA:32,0,1,3
BRDA:50,1,0,2
BRDA:50,1,1,6
BRDA:55,2,0,2
BRDA:55,2,1,4
BRDA:59,3,0,1
BRDA:59,3,1,3
BRDA:73,4,0,1
BRDA:73,4,1,2
BRDA:82,5,0,1
BRDA:82,5,1,2
BRDA:82,6,0,3
BRDA:82,6,1,2
BRDA:94,7,0,2
BRDA:94,7,1,2
BRDA:107,8,0,3
BRDA:107,8,1,2
BRDA:107,9,0,5
BRDA:107,9,1,4
BRDA:107,9,2,3
BRF:21
BRH:21
end_of_record
TN:
SF:src\auth\jwt-secret.util.ts
FN:3,getJwtSecret
FNF:1
FNH:1
FNDA:10,getJwtSecret
DA:3,1
DA:4,10
DA:5,10
DA:6,6
DA:8,4
LF:5
LH:5
BRDA:5,0,0,6
BRDA:5,0,1,4
BRDA:5,1,0,10
BRDA:5,1,1,8
BRF:4
BRH:4
end_of_record
TN:
SF:src\auth\dto\forgot-password.dto.ts
FNF:0
FNH:0
DA:1,1
DA:3,1
DA:5,1
LF:3
LH:3
BRF:0
BRH:0
end_of_record
TN:
SF:src\auth\dto\login.dto.ts
FNF:0
FNH:0
DA:1,1
DA:3,1
DA:6,1
DA:11,1
LF:4
LH:4
BRF:0
BRH:0
end_of_record
TN:
SF:src\auth\dto\register.dto.ts
FNF:0
FNH:0
DA:1,1
DA:3,1
DA:7,1
DA:13,1
LF:4
LH:4
BRF:0
BRH:0
end_of_record
TN:
SF:src\auth\dto\resend-verification.dto.ts
FNF:0
FNH:0
DA:1,1
DA:3,1
DA:6,1
LF:3
LH:3
BRF:0
BRH:0
end_of_record
TN:
SF:src\auth\dto\reset-password.dto.ts
FNF:0
FNH:0
DA:1,1
DA:3,1
DA:6,1
DA:12,1
LF:4
LH:4
BRF:0
BRH:0
end_of_record
TN:
SF:src\auth\guards\jwt-auth.guard.ts
FNF:0
FNH:0
DA:1,0
DA:2,0
DA:5,0
LF:3
LH:0
BRF:0
BRH:0
end_of_record
TN:
SF:src\auth\strategies\jwt.strategy.ts
FN:9,(anonymous_2)
FN:17,(anonymous_3)
FNF:2
FNH:0
FNDA:0,(anonymous_2)
FNDA:0,(anonymous_3)
DA:1,0
DA:2,0
DA:3,0
DA:4,0
DA:5,0
DA:8,0
DA:10,0
DA:18,0
LF:8
LH:0
BRF:0
BRH:0
end_of_record
TN:
SF:src\jobs\jobs.controller.ts
FN:22,(anonymous_4)
FN:25,(anonymous_5)
FN:30,(anonymous_6)
FN:35,(anonymous_7)
FN:40,(anonymous_8)
FN:46,(anonymous_9)
FNF:6
FNH:0
FNDA:0,(anonymous_4)
FNDA:0,(anonymous_5)
FNDA:0,(anonymous_6)
FNDA:0,(anonymous_7)
FNDA:0,(anonymous_8)
FNDA:0,(anonymous_9)
DA:1,0
DA:14,0
DA:15,0
DA:16,0
DA:17,0
DA:21,0
DA:22,0
DA:25,0
DA:26,0
DA:30,0
DA:31,0
DA:35,0
DA:36,0
DA:40,0
DA:41,0
DA:46,0
DA:47,0
LF:17
LH:0
BRF:0
BRH:0
end_of_record
TN:
SF:src\jobs\jobs.module.ts
FNF:0
FNH:0
DA:1,0
DA:2,0
DA:3,0
DA:4,0
DA:5,0
DA:12,0
LF:6
LH:0
BRF:0
BRH:0
end_of_record
TN:
SF:src\jobs\jobs.service.ts
FN:14,(anonymous_4)
FN:19,(anonymous_5)
FN:26,(anonymous_6)
FN:33,(anonymous_7)
FN:38,(anonymous_8)
FN:44,(anonymous_9)
FNF:6
FNH:6
FNDA:19,(anonymous_4)
FNDA:3,(anonymous_5)
FNDA:13,(anonymous_6)
FNDA:3,(anonymous_7)
FNDA:4,(anonymous_8)
FNDA:4,(anonymous_9)
DA:1,1
DA:6,1
DA:7,1
DA:8,1
DA:13,1
DA:16,19
DA:20,3
DA:27,13
DA:28,13
DA:29,10
DA:30,7
DA:34,3
DA:35,3
DA:39,4
DA:40,2
DA:41,2
DA:45,4
DA:46,2
LF:18
LH:18
BRDA:28,0,0,3
BRDA:28,0,1,10
BRDA:29,1,0,3
BRDA:29,1,1,7
BRF:4
BRH:4
end_of_record
TN:
SF:src\jobs\dto\create-job.dto.ts
FN:6,(anonymous_2)
FN:12,(anonymous_3)
FN:25,(anonymous_4)
FNF:3
FNH:3
FNDA:29,(anonymous_2)
FNDA:29,(anonymous_3)
FNDA:5,(anonymous_4)
DA:1,1
DA:2,1
DA:5,1
DA:6,29
DA:10,1
DA:12,29
DA:16,1
DA:19,1
DA:22,1
DA:25,5
DA:28,1
DA:33,1
LF:12
LH:12
BRDA:25,0,0,5
BRDA:25,0,1,1
BRF:2
BRH:2
end_of_record
TN:
SF:src\jobs\dto\update-job.dto.ts
FNF:0
FNH:0
DA:1,0
DA:2,0
DA:4,0
LF:3
LH:0
BRF:0
BRH:0
end_of_record
TN:
SF:src\jobs\entities\job.entity.ts
FN:44,(anonymous_2)
FN:44,(anonymous_3)
FNF:2
FNH:0
FNDA:0,(anonymous_2)
FNDA:0,(anonymous_3)
DA:1,3
DA:10,3
DA:15,3
DA:17,3
DA:20,3
DA:23,3
DA:26,3
DA:33,3
DA:36,3
DA:39,3
DA:42,3
DA:44,0
DA:46,3
DA:49,3
DA:52,3
LF:15
LH:14
BRF:0
BRH:0
end_of_record
TN:
SF:src\mail\mail.module.ts
FNF:0
FNH:0
DA:1,0
DA:2,0
DA:3,0
DA:10,0
LF:4
LH:0
BRF:0
BRH:0
end_of_record
TN:
SF:src\mail\mail.service.ts
FN:9,(anonymous_2)
FN:13,(anonymous_3)
FN:45,(anonymous_4)
FNF:3
FNH:0
FNDA:0,(anonymous_2)
FNDA:0,(anonymous_3)
FNDA:0,(anonymous_4)
DA:1,1
DA:2,1
DA:3,1
DA:6,1
DA:9,0
DA:10,0
DA:14,0
DA:15,0
DA:17,0
DA:40,0
DA:41,0
DA:46,0
DA:47,0
DA:49,0
DA:74,0
DA:75,0
LF:16
LH:4
BRDA:40,0,0,0
BRDA:40,0,1,0
BRDA:74,1,0,0
BRDA:74,1,1,0
BRF:4
BRH:0
end_of_record
TN:
SF:src\users\users.module.ts
FNF:0
FNH:0
DA:1,0
DA:2,0
DA:3,0
DA:4,0
DA:11,0
LF:5
LH:0
BRF:0
BRH:0
end_of_record
TN:
SF:src\users\users.service.ts
FN:8,(anonymous_4)
FN:13,(anonymous_5)
FN:17,(anonymous_6)
FN:21,(anonymous_7)
FN:26,(anonymous_8)
FN:30,(anonymous_9)
FN:34,(anonymous_10)
FN:38,(anonymous_11)
FN:42,(anonymous_12)
FN:46,(anonymous_13)
FNF:10
FNH:10
FNDA:21,(anonymous_4)
FNDA:2,(anonymous_5)
FNDA:2,(anonymous_6)
FNDA:3,(anonymous_7)
FNDA:2,(anonymous_8)
FNDA:2,(anonymous_9)
FNDA:2,(anonymous_10)
FNDA:2,(anonymous_11)
FNDA:2,(anonymous_12)
FNDA:4,(anonymous_13)
DA:1,2
DA:2,2
DA:3,2
DA:4,2
DA:7,2
DA:10,21
DA:14,2
DA:18,2
DA:22,3
DA:23,3
DA:27,2
DA:31,2
DA:35,2
DA:39,2
DA:43,2
DA:47,4
LF:16
LH:16
BRF:0
BRH:0
end_of_record
TN:
SF:src\users\entities\user.entity.ts
FN:36,(anonymous_2)
FN:36,(anonymous_3)
FNF:2
FNH:0
FNDA:0,(anonymous_2)
FNDA:0,(anonymous_3)
DA:1,3
DA:8,3
DA:11,3
DA:13,3
DA:16,3
DA:19,3
DA:22,3
DA:25,3
DA:28,3
DA:31,3
DA:34,3
DA:36,0
DA:37,3
LF:13
LH:12
BRF:0
BRH:0
end_of_record
